d:\vsprojects\writing1\writing1\debug\writing1.pch
d:\vsprojects\writing1\writing1\debug\vc140.pdb
d:\vsprojects\writing1\writing1\debug\vc140.idb
d:\vsprojects\writing1\writing1\debug\stdafx.obj
d:\vsprojects\writing1\writing1\debug\globals.obj
d:\vsprojects\writing1\writing1\debug\listener.obj
d:\vsprojects\writing1\writing1\debug\writing1.obj
d:\vsprojects\writing1\writing1\debug\winevents.obj
d:\vsprojects\writing1\debug\writing1.ilk
d:\vsprojects\writing1\debug\writing1.exe
d:\vsprojects\writing1\debug\writing1.pdb
d:\vsprojects\writing1\writing1\debug\writing1.res
d:\vsprojects\writing1\writing1\debug\winevents.obj.enc
d:\vsprojects\writing1\writing1\debug\writing1.tlog\cl.command.1.tlog
d:\vsprojects\writing1\writing1\debug\writing1.tlog\cl.read.1.tlog
d:\vsprojects\writing1\writing1\debug\writing1.tlog\cl.write.1.tlog
d:\vsprojects\writing1\writing1\debug\writing1.tlog\link.command.1.tlog
d:\vsprojects\writing1\writing1\debug\writing1.tlog\link.read.1.tlog
d:\vsprojects\writing1\writing1\debug\writing1.tlog\link.write.1.tlog
d:\vsprojects\writing1\writing1\debug\writing1.tlog\rc.command.1.tlog
d:\vsprojects\writing1\writing1\debug\writing1.tlog\rc.read.1.tlog
d:\vsprojects\writing1\writing1\debug\writing1.tlog\rc.write.1.tlog
