d:\vsprojects\writing1\writing1\release\writing1.pch
d:\vsprojects\writing1\writing1\release\vc140.pdb
d:\vsprojects\writing1\writing1\release\stdafx.obj
d:\vsprojects\writing1\writing1\release\writing1.obj
d:\vsprojects\writing1\writing1\release\winevents.obj
d:\vsprojects\writing1\writing1\release\listener.obj
d:\vsprojects\writing1\writing1\release\globals.obj
d:\vsprojects\writing1\release\writing1.exe
d:\vsprojects\writing1\release\writing1.ipdb
d:\vsprojects\writing1\release\writing1.iobj
d:\vsprojects\writing1\release\writing1.pdb
d:\vsprojects\writing1\writing1\release\writing1.res
d:\vsprojects\writing1\writing1\release\writing1.tlog\cl.command.1.tlog
d:\vsprojects\writing1\writing1\release\writing1.tlog\cl.read.1.tlog
d:\vsprojects\writing1\writing1\release\writing1.tlog\cl.write.1.tlog
d:\vsprojects\writing1\writing1\release\writing1.tlog\link.command.1.tlog
d:\vsprojects\writing1\writing1\release\writing1.tlog\link.read.1.tlog
d:\vsprojects\writing1\writing1\release\writing1.tlog\link.write.1.tlog
d:\vsprojects\writing1\writing1\release\writing1.tlog\rc.command.1.tlog
d:\vsprojects\writing1\writing1\release\writing1.tlog\rc.read.1.tlog
d:\vsprojects\writing1\writing1\release\writing1.tlog\rc.write.1.tlog
